2024-01-29 08:41:07.147 [info] Log level: Info
2024-01-29 08:41:07.147 [info] Validating found git in: "git"
2024-01-29 08:41:07.148 [info] Using git "2.40.1" from "git"
2024-01-29 08:41:07.149 [info] > git rev-parse --show-toplevel [4ms]
2024-01-29 08:41:07.150 [info] fatal: detected dubious ownership in repository at '/workspace'
To add an exception for this directory, call:

	git config --global --add safe.directory /workspace
2024-01-29 08:41:07.151 [info] > git rev-parse --show-toplevel [9ms]
2024-01-29 08:41:07.152 [info] fatal: detected dubious ownership in repository at '/workspace'
To add an exception for this directory, call:

	git config --global --add safe.directory /workspace
2024-01-29 08:41:07.161 [info] > git rev-parse --show-toplevel [5ms]
2024-01-29 08:41:07.162 [info] fatal: detected dubious ownership in repository at '/workspace'
To add an exception for this directory, call:

	git config --global --add safe.directory /workspace
2024-01-29 08:41:07.167 [info] > git rev-parse --show-toplevel [2ms]
2024-01-29 08:41:07.167 [info] fatal: detected dubious ownership in repository at '/workspace'
To add an exception for this directory, call:

	git config --global --add safe.directory /workspace
2024-01-29 08:41:07.173 [info] > git rev-parse --show-toplevel [2ms]
2024-01-29 08:41:07.173 [info] fatal: detected dubious ownership in repository at '/workspace'
To add an exception for this directory, call:

	git config --global --add safe.directory /workspace
2024-01-29 08:41:07.178 [info] > git rev-parse --show-toplevel [2ms]
2024-01-29 08:41:07.178 [info] fatal: detected dubious ownership in repository at '/workspace'
To add an exception for this directory, call:

	git config --global --add safe.directory /workspace
2024-01-29 08:41:07.183 [info] > git rev-parse --show-toplevel [1ms]
2024-01-29 08:41:07.183 [info] fatal: detected dubious ownership in repository at '/workspace'
To add an exception for this directory, call:

	git config --global --add safe.directory /workspace
2024-01-29 08:41:26.502 [info] > git rev-parse --show-toplevel [4ms]
2024-01-29 08:41:26.502 [info] fatal: detected dubious ownership in repository at '/workspace'
To add an exception for this directory, call:

	git config --global --add safe.directory /workspace
2024-01-29 08:41:43.596 [info] > git rev-parse --show-toplevel [6ms]
2024-01-29 08:41:43.596 [info] fatal: detected dubious ownership in repository at '/workspace'
To add an exception for this directory, call:

	git config --global --add safe.directory /workspace
2024-01-29 08:42:25.671 [info] > git rev-parse --show-toplevel [8ms]
2024-01-29 08:42:25.672 [info] fatal: detected dubious ownership in repository at '/workspace'
To add an exception for this directory, call:

	git config --global --add safe.directory /workspace
2024-01-29 08:42:31.388 [info] > git rev-parse --show-toplevel [2ms]
2024-01-29 08:42:31.388 [info] fatal: detected dubious ownership in repository at '/workspace'
To add an exception for this directory, call:

	git config --global --add safe.directory /workspace
2024-01-29 08:42:41.087 [info] > git rev-parse --show-toplevel [7ms]
2024-01-29 08:42:41.089 [info] fatal: detected dubious ownership in repository at '/workspace'
To add an exception for this directory, call:

	git config --global --add safe.directory /workspace
